<?xml version="1.0" encoding="UTF-8"?>
<!-- Generated by org.testng.reporters.JUnitReportReporter -->
<testsuite skipped="1" hostname="DESKTOP-KLJ6QCT" name="com.Sample.com.Sample.ExceptionHandleExampleTest" tests="2" failures="0" timestamp="2022-01-18T07:46:37 IST" time="0.013" errors="0">
  <testcase name="testTest1" time="0.013" classname="com.Sample.com.Sample.ExceptionHandleExampleTest"/>
  <system-out/>
  <testcase name="testTest" classname="com.Sample.com.Sample.ExceptionHandleExampleTest">
    <skipped/>
  </testcase> <!-- testTest -->
  <system-out/>
</testsuite> <!-- com.Sample.com.Sample.ExceptionHandleExampleTest -->
